11:57:51.832 [main] TRACE - Loading type system org.apache.xmlbeans.metadata.system.sXMLSCHEMA
11:57:51.843 [main] TRACE - Loading type system org.apache.xmlbeans.metadata.system.sXMLTOOLS
11:57:51.844 [main] TRACE - Reading unresolved handles for type system org.apache.xmlbeans.metadata.system.sXMLTOOLS
11:57:51.854 [main] TRACE - Finished loading type system org.apache.xmlbeans.metadata.system.sXMLTOOLS
11:57:51.855 [main] TRACE - Reading unresolved handles for type system org.apache.xmlbeans.metadata.system.sXMLSCHEMA
11:57:51.860 [main] TRACE - Finished loading type system org.apache.xmlbeans.metadata.system.sXMLSCHEMA
11:57:51.861 [main] TRACE - Reading unresolved handles for type system org.apache.xmlbeans.metadata.system.sXMLLANG
11:57:51.863 [main] TRACE - Finished loading type system org.apache.xmlbeans.metadata.system.sXMLLANG
11:57:51.863 [main] TRACE - Reading unresolved handles for type system org.apache.xmlbeans.metadata.system.sXMLCONFIG
11:57:51.864 [main] TRACE - Finished loading type system org.apache.xmlbeans.metadata.system.sXMLCONFIG
11:57:51.865 [main] TRACE - Reading unresolved handles for type system org.apache.poi.schemas.ooxml.system.ooxml
11:57:51.913 [main] TRACE - Finished loading type system org.apache.poi.schemas.ooxml.system.ooxml
11:57:51.914 [main] TRACE - Resolving type for handle stylesheet5d8bdoctype
11:57:51.958 [main] TRACE - Resolving type for handle ctstylesheet4257type
11:57:51.965 [main] TRACE - Resolving type for handle ctfonts6623type
11:57:51.968 [main] TRACE - Resolving type for handle ctfont14d8type
11:57:51.975 [main] TRACE - Resolving type for handle ctfills2c6ftype
11:57:51.977 [main] TRACE - Resolving type for handle ctfill550ctype
11:57:51.980 [main] TRACE - Resolving type for handle ctborders0d66type
11:57:51.983 [main] TRACE - Resolving type for handle ctborderf935type
11:57:51.985 [main] TRACE - Resolving type for handle ctcellxfs1322type
11:57:51.988 [main] TRACE - Resolving type for handle ctxf97f7type
11:57:51.993 [main] TRACE - Resolving type for handle ctcellstylexfsa81ftype
11:57:51.997 [main] TRACE - Resolving type for handle ctdxfsb26atype
11:57:52.000 [main] TRACE - Resolving type for handle cttablestyles872ftype
11:57:52.005 [main] TRACE - Resolving type for handle sstf81fdoctype
11:57:52.013 [main] TRACE - Resolving type for handle ctsst44f3type
11:57:52.023 [main] TRACE - Resolving type for handle ctrsta472type
11:57:52.080 [main] TRACE - Resolving type for handle themefd26doctype
11:57:52.094 [main] TRACE - Resolving type for handle workbookec17doctype
11:57:52.100 [main] TRACE - Resolving type for handle ctworkbook83c3type
11:57:52.105 [main] TRACE - Resolving type for handle ctsheets49fdtype
11:57:52.108 [main] TRACE - Resolving type for handle ctsheet4dbetype
11:57:52.111 [main] TRACE - Resolving type for handle strelationshipid1e94type
11:57:52.114 [main] TRACE - Resolving type for handle worksheetf539doctype
11:57:52.121 [main] TRACE - Resolving type for handle ctworksheet530dtype
11:57:52.132 [main] TRACE - Resolving type for handle ctcols627ctype
11:57:52.138 [main] TRACE - Resolving type for handle ctcola95ftype
11:57:52.152 [main] TRACE - Resolving type for handle ctsheetdata8408type
11:57:52.156 [main] TRACE - Resolving type for handle ctrowdd39type
11:57:52.164 [main] TRACE - Resolving type for handle ctcell842btype
11:57:52.173 [main] TRACE - Resolving type for handle stcellrefe4e0type
11:57:52.217 [main] TRACE - Resolving type for handle stxstringf179type
11:57:52.220 [main] TRACE - Resolving type for handle stcelltypebf95type
11:58:05.729 [main] DEBUG - Parsing relationship: /xl/_rels/workbook.xml.rels
11:58:05.731 [main] DEBUG - Parsing relationship: /_rels/.rels
11:58:46.657 [main] DEBUG - Parsing relationship: /xl/_rels/workbook.xml.rels
11:58:46.663 [main] DEBUG - Parsing relationship: /_rels/.rels
11:58:46.830 [main] TRACE - Loading type system org.apache.poi.schemas.ooxml.system.ooxml
11:58:46.833 [main] TRACE - Loading type system org.apache.xmlbeans.metadata.system.sXMLCONFIG
11:58:46.835 [main] TRACE - Loading type system org.apache.xmlbeans.metadata.system.sXMLLANG
11:58:46.836 [main] TRACE - Loading type system org.apache.xmlbeans.metadata.system.sXMLSCHEMA
11:58:46.836 [main] TRACE - Loading type system org.apache.xmlbeans.metadata.system.sXMLTOOLS
11:58:46.837 [main] TRACE - Reading unresolved handles for type system org.apache.xmlbeans.metadata.system.sXMLTOOLS
11:58:46.849 [main] TRACE - Finished loading type system org.apache.xmlbeans.metadata.system.sXMLTOOLS
11:58:46.851 [main] TRACE - Reading unresolved handles for type system org.apache.xmlbeans.metadata.system.sXMLSCHEMA
11:58:46.858 [main] TRACE - Finished loading type system org.apache.xmlbeans.metadata.system.sXMLSCHEMA
11:58:46.859 [main] TRACE - Reading unresolved handles for type system org.apache.xmlbeans.metadata.system.sXMLLANG
11:58:46.860 [main] TRACE - Finished loading type system org.apache.xmlbeans.metadata.system.sXMLLANG
11:58:46.861 [main] TRACE - Reading unresolved handles for type system org.apache.xmlbeans.metadata.system.sXMLCONFIG
11:58:46.862 [main] TRACE - Finished loading type system org.apache.xmlbeans.metadata.system.sXMLCONFIG
11:58:46.863 [main] TRACE - Reading unresolved handles for type system org.apache.poi.schemas.ooxml.system.ooxml
11:58:46.938 [main] TRACE - Finished loading type system org.apache.poi.schemas.ooxml.system.ooxml
11:58:46.940 [main] TRACE - Resolving type for handle stylesheet5d8bdoctype
11:58:47.020 [main] TRACE - Resolving type for handle ctstylesheet4257type
11:58:47.025 [main] TRACE - Resolving type for handle ctfonts6623type
11:58:47.028 [main] TRACE - Resolving type for handle ctfont14d8type
11:58:47.034 [main] TRACE - Resolving type for handle ctfills2c6ftype
11:58:47.035 [main] TRACE - Resolving type for handle ctfill550ctype
11:58:47.038 [main] TRACE - Resolving type for handle ctborders0d66type
11:58:47.040 [main] TRACE - Resolving type for handle ctborderf935type
11:58:47.043 [main] TRACE - Resolving type for handle ctcellxfs1322type
11:58:47.045 [main] TRACE - Resolving type for handle ctxf97f7type
11:58:47.047 [main] TRACE - Resolving type for handle ctcellstylexfsa81ftype
11:58:47.049 [main] TRACE - Resolving type for handle ctdxfsb26atype
11:58:47.051 [main] TRACE - Resolving type for handle cttablestyles872ftype
11:58:47.053 [main] TRACE - Resolving type for handle sstf81fdoctype
11:58:47.060 [main] TRACE - Resolving type for handle ctsst44f3type
11:58:47.072 [main] TRACE - Resolving type for handle ctrsta472type
11:58:47.098 [main] TRACE - Resolving type for handle themefd26doctype
11:58:47.109 [main] TRACE - Resolving type for handle workbookec17doctype
11:58:47.113 [main] TRACE - Resolving type for handle ctworkbook83c3type
11:58:47.124 [main] TRACE - Resolving type for handle ctsheets49fdtype
11:58:47.126 [main] TRACE - Resolving type for handle ctsheet4dbetype
11:58:47.128 [main] TRACE - Resolving type for handle strelationshipid1e94type
11:58:47.130 [main] TRACE - Resolving type for handle worksheetf539doctype
11:58:47.136 [main] TRACE - Resolving type for handle ctworksheet530dtype
11:58:47.152 [main] TRACE - Resolving type for handle ctcols627ctype
11:58:47.156 [main] TRACE - Resolving type for handle ctcola95ftype
11:58:47.173 [main] TRACE - Resolving type for handle ctsheetdata8408type
11:58:47.176 [main] TRACE - Resolving type for handle ctrowdd39type
11:58:47.183 [main] TRACE - Resolving type for handle ctcell842btype
11:58:47.190 [main] TRACE - Resolving type for handle stcellrefe4e0type
11:58:47.229 [main] TRACE - Resolving type for handle stxstringf179type
11:58:47.241 [main] TRACE - Resolving type for handle stcelltypebf95type
11:58:59.325 [main] DEBUG - Parsing relationship: /xl/_rels/workbook.xml.rels
11:58:59.326 [main] DEBUG - Parsing relationship: /_rels/.rels
12:02:08.987 [main] DEBUG - Parsing relationship: /xl/_rels/workbook.xml.rels
12:02:08.993 [main] DEBUG - Parsing relationship: /_rels/.rels
12:02:09.143 [main] TRACE - Loading type system org.apache.poi.schemas.ooxml.system.ooxml
12:02:09.146 [main] TRACE - Loading type system org.apache.xmlbeans.metadata.system.sXMLCONFIG
12:02:09.147 [main] TRACE - Loading type system org.apache.xmlbeans.metadata.system.sXMLLANG
12:02:09.148 [main] TRACE - Loading type system org.apache.xmlbeans.metadata.system.sXMLSCHEMA
12:02:09.148 [main] TRACE - Loading type system org.apache.xmlbeans.metadata.system.sXMLTOOLS
12:02:09.149 [main] TRACE - Reading unresolved handles for type system org.apache.xmlbeans.metadata.system.sXMLTOOLS
12:02:09.161 [main] TRACE - Finished loading type system org.apache.xmlbeans.metadata.system.sXMLTOOLS
12:02:09.163 [main] TRACE - Reading unresolved handles for type system org.apache.xmlbeans.metadata.system.sXMLSCHEMA
12:02:09.167 [main] TRACE - Finished loading type system org.apache.xmlbeans.metadata.system.sXMLSCHEMA
12:02:09.168 [main] TRACE - Reading unresolved handles for type system org.apache.xmlbeans.metadata.system.sXMLLANG
12:02:09.169 [main] TRACE - Finished loading type system org.apache.xmlbeans.metadata.system.sXMLLANG
12:02:09.170 [main] TRACE - Reading unresolved handles for type system org.apache.xmlbeans.metadata.system.sXMLCONFIG
12:02:09.171 [main] TRACE - Finished loading type system org.apache.xmlbeans.metadata.system.sXMLCONFIG
12:02:09.171 [main] TRACE - Reading unresolved handles for type system org.apache.poi.schemas.ooxml.system.ooxml
12:02:09.231 [main] TRACE - Finished loading type system org.apache.poi.schemas.ooxml.system.ooxml
12:02:09.231 [main] TRACE - Resolving type for handle stylesheet5d8bdoctype
12:02:09.279 [main] TRACE - Resolving type for handle ctstylesheet4257type
12:02:09.285 [main] TRACE - Resolving type for handle ctfonts6623type
12:02:09.289 [main] TRACE - Resolving type for handle ctfont14d8type
12:02:09.295 [main] TRACE - Resolving type for handle ctfills2c6ftype
12:02:09.297 [main] TRACE - Resolving type for handle ctfill550ctype
12:02:09.300 [main] TRACE - Resolving type for handle ctborders0d66type
12:02:09.302 [main] TRACE - Resolving type for handle ctborderf935type
12:02:09.304 [main] TRACE - Resolving type for handle ctcellxfs1322type
12:02:09.307 [main] TRACE - Resolving type for handle ctxf97f7type
12:02:09.309 [main] TRACE - Resolving type for handle ctcellstylexfsa81ftype
12:02:09.311 [main] TRACE - Resolving type for handle ctdxfsb26atype
12:02:09.313 [main] TRACE - Resolving type for handle cttablestyles872ftype
12:02:09.316 [main] TRACE - Resolving type for handle sstf81fdoctype
12:02:09.322 [main] TRACE - Resolving type for handle ctsst44f3type
12:02:09.330 [main] TRACE - Resolving type for handle ctrsta472type
12:02:09.348 [main] TRACE - Resolving type for handle themefd26doctype
12:02:09.356 [main] TRACE - Resolving type for handle workbookec17doctype
12:02:09.360 [main] TRACE - Resolving type for handle ctworkbook83c3type
12:02:09.364 [main] TRACE - Resolving type for handle ctsheets49fdtype
12:02:09.365 [main] TRACE - Resolving type for handle ctsheet4dbetype
12:02:09.367 [main] TRACE - Resolving type for handle strelationshipid1e94type
12:02:09.369 [main] TRACE - Resolving type for handle worksheetf539doctype
12:02:09.373 [main] TRACE - Resolving type for handle ctworksheet530dtype
12:02:09.379 [main] TRACE - Resolving type for handle ctcols627ctype
12:02:09.385 [main] TRACE - Resolving type for handle ctcola95ftype
12:02:09.397 [main] TRACE - Resolving type for handle ctsheetdata8408type
12:02:09.400 [main] TRACE - Resolving type for handle ctrowdd39type
12:02:09.404 [main] TRACE - Resolving type for handle ctcell842btype
12:02:09.411 [main] TRACE - Resolving type for handle stcellrefe4e0type
12:02:09.437 [main] TRACE - Resolving type for handle stxstringf179type
12:02:09.439 [main] TRACE - Resolving type for handle stcelltypebf95type
12:02:21.736 [main] DEBUG - Parsing relationship: /xl/_rels/workbook.xml.rels
12:02:21.738 [main] DEBUG - Parsing relationship: /_rels/.rels
12:03:02.514 [main] DEBUG - Parsing relationship: /xl/_rels/workbook.xml.rels
12:03:02.520 [main] DEBUG - Parsing relationship: /_rels/.rels
12:03:02.785 [main] TRACE - Loading type system org.apache.poi.schemas.ooxml.system.ooxml
12:03:02.790 [main] TRACE - Loading type system org.apache.xmlbeans.metadata.system.sXMLCONFIG
12:03:02.793 [main] TRACE - Loading type system org.apache.xmlbeans.metadata.system.sXMLLANG
12:03:02.794 [main] TRACE - Loading type system org.apache.xmlbeans.metadata.system.sXMLSCHEMA
12:03:02.795 [main] TRACE - Loading type system org.apache.xmlbeans.metadata.system.sXMLTOOLS
12:03:02.798 [main] TRACE - Reading unresolved handles for type system org.apache.xmlbeans.metadata.system.sXMLTOOLS
12:03:02.825 [main] TRACE - Finished loading type system org.apache.xmlbeans.metadata.system.sXMLTOOLS
12:03:02.827 [main] TRACE - Reading unresolved handles for type system org.apache.xmlbeans.metadata.system.sXMLSCHEMA
12:03:02.838 [main] TRACE - Finished loading type system org.apache.xmlbeans.metadata.system.sXMLSCHEMA
12:03:02.839 [main] TRACE - Reading unresolved handles for type system org.apache.xmlbeans.metadata.system.sXMLLANG
12:03:02.841 [main] TRACE - Finished loading type system org.apache.xmlbeans.metadata.system.sXMLLANG
12:03:02.843 [main] TRACE - Reading unresolved handles for type system org.apache.xmlbeans.metadata.system.sXMLCONFIG
12:03:02.844 [main] TRACE - Finished loading type system org.apache.xmlbeans.metadata.system.sXMLCONFIG
12:03:02.846 [main] TRACE - Reading unresolved handles for type system org.apache.poi.schemas.ooxml.system.ooxml
12:03:02.930 [main] TRACE - Finished loading type system org.apache.poi.schemas.ooxml.system.ooxml
12:03:02.931 [main] TRACE - Resolving type for handle stylesheet5d8bdoctype
12:03:02.996 [main] TRACE - Resolving type for handle ctstylesheet4257type
12:03:03.001 [main] TRACE - Resolving type for handle ctfonts6623type
12:03:03.006 [main] TRACE - Resolving type for handle ctfont14d8type
12:03:03.012 [main] TRACE - Resolving type for handle ctfills2c6ftype
12:03:03.015 [main] TRACE - Resolving type for handle ctfill550ctype
12:03:03.017 [main] TRACE - Resolving type for handle ctborders0d66type
12:03:03.020 [main] TRACE - Resolving type for handle ctborderf935type
12:03:03.024 [main] TRACE - Resolving type for handle ctcellxfs1322type
12:03:03.027 [main] TRACE - Resolving type for handle ctxf97f7type
12:03:03.029 [main] TRACE - Resolving type for handle ctcellstylexfsa81ftype
12:03:03.032 [main] TRACE - Resolving type for handle ctdxfsb26atype
12:03:03.034 [main] TRACE - Resolving type for handle cttablestyles872ftype
12:03:03.037 [main] TRACE - Resolving type for handle sstf81fdoctype
12:03:03.043 [main] TRACE - Resolving type for handle ctsst44f3type
12:03:03.051 [main] TRACE - Resolving type for handle ctrsta472type
12:03:03.079 [main] TRACE - Resolving type for handle themefd26doctype
12:03:03.091 [main] TRACE - Resolving type for handle workbookec17doctype
12:03:03.098 [main] TRACE - Resolving type for handle ctworkbook83c3type
12:03:03.102 [main] TRACE - Resolving type for handle ctsheets49fdtype
12:03:03.105 [main] TRACE - Resolving type for handle ctsheet4dbetype
12:03:03.106 [main] TRACE - Resolving type for handle strelationshipid1e94type
12:03:03.109 [main] TRACE - Resolving type for handle worksheetf539doctype
12:03:03.114 [main] TRACE - Resolving type for handle ctworksheet530dtype
12:03:03.121 [main] TRACE - Resolving type for handle ctcols627ctype
12:03:03.127 [main] TRACE - Resolving type for handle ctcola95ftype
12:03:03.143 [main] TRACE - Resolving type for handle ctsheetdata8408type
12:03:03.147 [main] TRACE - Resolving type for handle ctrowdd39type
12:03:03.155 [main] TRACE - Resolving type for handle ctcell842btype
12:03:03.161 [main] TRACE - Resolving type for handle stcellrefe4e0type
12:03:03.201 [main] TRACE - Resolving type for handle stxstringf179type
12:03:03.205 [main] TRACE - Resolving type for handle stcelltypebf95type
12:03:16.216 [main] DEBUG - Parsing relationship: /xl/_rels/workbook.xml.rels
12:03:16.218 [main] DEBUG - Parsing relationship: /_rels/.rels
12:04:08.881 [main] DEBUG - Parsing relationship: /xl/_rels/workbook.xml.rels
12:04:08.890 [main] DEBUG - Parsing relationship: /_rels/.rels
12:04:09.145 [main] TRACE - Loading type system org.apache.poi.schemas.ooxml.system.ooxml
12:04:09.149 [main] TRACE - Loading type system org.apache.xmlbeans.metadata.system.sXMLCONFIG
12:04:09.151 [main] TRACE - Loading type system org.apache.xmlbeans.metadata.system.sXMLLANG
12:04:09.152 [main] TRACE - Loading type system org.apache.xmlbeans.metadata.system.sXMLSCHEMA
12:04:09.153 [main] TRACE - Loading type system org.apache.xmlbeans.metadata.system.sXMLTOOLS
12:04:09.154 [main] TRACE - Reading unresolved handles for type system org.apache.xmlbeans.metadata.system.sXMLTOOLS
12:04:09.174 [main] TRACE - Finished loading type system org.apache.xmlbeans.metadata.system.sXMLTOOLS
12:04:09.176 [main] TRACE - Reading unresolved handles for type system org.apache.xmlbeans.metadata.system.sXMLSCHEMA
12:04:09.185 [main] TRACE - Finished loading type system org.apache.xmlbeans.metadata.system.sXMLSCHEMA
12:04:09.187 [main] TRACE - Reading unresolved handles for type system org.apache.xmlbeans.metadata.system.sXMLLANG
12:04:09.189 [main] TRACE - Finished loading type system org.apache.xmlbeans.metadata.system.sXMLLANG
12:04:09.190 [main] TRACE - Reading unresolved handles for type system org.apache.xmlbeans.metadata.system.sXMLCONFIG
12:04:09.191 [main] TRACE - Finished loading type system org.apache.xmlbeans.metadata.system.sXMLCONFIG
12:04:09.192 [main] TRACE - Reading unresolved handles for type system org.apache.poi.schemas.ooxml.system.ooxml
12:04:09.283 [main] TRACE - Finished loading type system org.apache.poi.schemas.ooxml.system.ooxml
12:04:09.284 [main] TRACE - Resolving type for handle stylesheet5d8bdoctype
12:04:09.358 [main] TRACE - Resolving type for handle ctstylesheet4257type
12:04:09.367 [main] TRACE - Resolving type for handle ctfonts6623type
12:04:09.373 [main] TRACE - Resolving type for handle ctfont14d8type
12:04:09.383 [main] TRACE - Resolving type for handle ctfills2c6ftype
12:04:09.386 [main] TRACE - Resolving type for handle ctfill550ctype
12:04:09.389 [main] TRACE - Resolving type for handle ctborders0d66type
12:04:09.394 [main] TRACE - Resolving type for handle ctborderf935type
12:04:09.398 [main] TRACE - Resolving type for handle ctcellxfs1322type
12:04:09.402 [main] TRACE - Resolving type for handle ctxf97f7type
12:04:09.407 [main] TRACE - Resolving type for handle ctcellstylexfsa81ftype
12:04:09.410 [main] TRACE - Resolving type for handle ctdxfsb26atype
12:04:09.414 [main] TRACE - Resolving type for handle cttablestyles872ftype
12:04:09.421 [main] TRACE - Resolving type for handle sstf81fdoctype
12:04:09.432 [main] TRACE - Resolving type for handle ctsst44f3type
12:04:09.450 [main] TRACE - Resolving type for handle ctrsta472type
12:04:09.485 [main] TRACE - Resolving type for handle themefd26doctype
12:04:09.505 [main] TRACE - Resolving type for handle workbookec17doctype
12:04:09.513 [main] TRACE - Resolving type for handle ctworkbook83c3type
12:04:09.522 [main] TRACE - Resolving type for handle ctsheets49fdtype
12:04:09.526 [main] TRACE - Resolving type for handle ctsheet4dbetype
12:04:09.530 [main] TRACE - Resolving type for handle strelationshipid1e94type
12:04:09.533 [main] TRACE - Resolving type for handle worksheetf539doctype
12:04:09.542 [main] TRACE - Resolving type for handle ctworksheet530dtype
12:04:09.554 [main] TRACE - Resolving type for handle ctcols627ctype
12:04:09.560 [main] TRACE - Resolving type for handle ctcola95ftype
12:04:09.579 [main] TRACE - Resolving type for handle ctsheetdata8408type
12:04:09.584 [main] TRACE - Resolving type for handle ctrowdd39type
12:04:09.592 [main] TRACE - Resolving type for handle ctcell842btype
12:04:09.604 [main] TRACE - Resolving type for handle stcellrefe4e0type
12:04:09.657 [main] TRACE - Resolving type for handle stxstringf179type
12:04:09.661 [main] TRACE - Resolving type for handle stcelltypebf95type
12:04:21.891 [main] DEBUG - Parsing relationship: /xl/_rels/workbook.xml.rels
12:04:21.893 [main] DEBUG - Parsing relationship: /_rels/.rels
12:04:21.956 [main] TRACE - Resolving type for handle stcellstylexfid70c7type
12:04:21.965 [main] TRACE - Resolving type for handle stnumfmtid76fbtype
12:04:21.969 [main] TRACE - Resolving type for handle ctworkbookpr03a5type
12:05:26.833 [main] DEBUG - Parsing relationship: /xl/_rels/workbook.xml.rels
12:05:26.843 [main] DEBUG - Parsing relationship: /_rels/.rels
12:05:27.050 [main] TRACE - Loading type system org.apache.poi.schemas.ooxml.system.ooxml
12:05:27.054 [main] TRACE - Loading type system org.apache.xmlbeans.metadata.system.sXMLCONFIG
12:05:27.055 [main] TRACE - Loading type system org.apache.xmlbeans.metadata.system.sXMLLANG
12:05:27.055 [main] TRACE - Loading type system org.apache.xmlbeans.metadata.system.sXMLSCHEMA
12:05:27.056 [main] TRACE - Loading type system org.apache.xmlbeans.metadata.system.sXMLTOOLS
12:05:27.057 [main] TRACE - Reading unresolved handles for type system org.apache.xmlbeans.metadata.system.sXMLTOOLS
12:05:27.069 [main] TRACE - Finished loading type system org.apache.xmlbeans.metadata.system.sXMLTOOLS
12:05:27.070 [main] TRACE - Reading unresolved handles for type system org.apache.xmlbeans.metadata.system.sXMLSCHEMA
12:05:27.075 [main] TRACE - Finished loading type system org.apache.xmlbeans.metadata.system.sXMLSCHEMA
12:05:27.076 [main] TRACE - Reading unresolved handles for type system org.apache.xmlbeans.metadata.system.sXMLLANG
12:05:27.077 [main] TRACE - Finished loading type system org.apache.xmlbeans.metadata.system.sXMLLANG
12:05:27.078 [main] TRACE - Reading unresolved handles for type system org.apache.xmlbeans.metadata.system.sXMLCONFIG
12:05:27.079 [main] TRACE - Finished loading type system org.apache.xmlbeans.metadata.system.sXMLCONFIG
12:05:27.080 [main] TRACE - Reading unresolved handles for type system org.apache.poi.schemas.ooxml.system.ooxml
12:05:27.147 [main] TRACE - Finished loading type system org.apache.poi.schemas.ooxml.system.ooxml
12:05:27.148 [main] TRACE - Resolving type for handle stylesheet5d8bdoctype
12:05:27.222 [main] TRACE - Resolving type for handle ctstylesheet4257type
12:05:27.228 [main] TRACE - Resolving type for handle ctfonts6623type
12:05:27.232 [main] TRACE - Resolving type for handle ctfont14d8type
12:05:27.241 [main] TRACE - Resolving type for handle ctfills2c6ftype
12:05:27.244 [main] TRACE - Resolving type for handle ctfill550ctype
12:05:27.247 [main] TRACE - Resolving type for handle ctborders0d66type
12:05:27.249 [main] TRACE - Resolving type for handle ctborderf935type
12:05:27.253 [main] TRACE - Resolving type for handle ctcellxfs1322type
12:05:27.256 [main] TRACE - Resolving type for handle ctxf97f7type
12:05:27.260 [main] TRACE - Resolving type for handle ctcellstylexfsa81ftype
12:05:27.263 [main] TRACE - Resolving type for handle ctdxfsb26atype
12:05:27.266 [main] TRACE - Resolving type for handle cttablestyles872ftype
12:05:27.271 [main] TRACE - Resolving type for handle sstf81fdoctype
12:05:27.281 [main] TRACE - Resolving type for handle ctsst44f3type
12:05:27.292 [main] TRACE - Resolving type for handle ctrsta472type
12:05:27.326 [main] TRACE - Resolving type for handle themefd26doctype
12:05:27.343 [main] TRACE - Resolving type for handle workbookec17doctype
12:05:27.353 [main] TRACE - Resolving type for handle ctworkbook83c3type
12:05:27.361 [main] TRACE - Resolving type for handle ctsheets49fdtype
12:05:27.364 [main] TRACE - Resolving type for handle ctsheet4dbetype
12:05:27.368 [main] TRACE - Resolving type for handle strelationshipid1e94type
12:05:27.371 [main] TRACE - Resolving type for handle worksheetf539doctype
12:05:27.379 [main] TRACE - Resolving type for handle ctworksheet530dtype
12:05:27.389 [main] TRACE - Resolving type for handle ctcols627ctype
12:05:27.395 [main] TRACE - Resolving type for handle ctcola95ftype
12:05:27.418 [main] TRACE - Resolving type for handle ctsheetdata8408type
12:05:27.422 [main] TRACE - Resolving type for handle ctrowdd39type
12:05:27.428 [main] TRACE - Resolving type for handle ctcell842btype
12:05:27.439 [main] TRACE - Resolving type for handle stcellrefe4e0type
12:05:27.478 [main] TRACE - Resolving type for handle stxstringf179type
12:05:27.482 [main] TRACE - Resolving type for handle stcelltypebf95type
12:05:38.959 [main] DEBUG - Parsing relationship: /xl/_rels/workbook.xml.rels
12:05:38.961 [main] DEBUG - Parsing relationship: /_rels/.rels
12:05:39.034 [main] TRACE - Resolving type for handle stcellstylexfid70c7type
12:05:39.037 [main] TRACE - Resolving type for handle stnumfmtid76fbtype
12:05:39.039 [main] TRACE - Resolving type for handle ctworkbookpr03a5type
12:05:50.313 [main] TRACE - Resolving type for handle ctsheetdimensiond310type
12:05:50.317 [main] TRACE - Resolving type for handle stref90a2type
12:05:50.320 [main] TRACE - Resolving type for handle ctnumfmtsb58btype
12:05:50.355 [main] TRACE - Resolving type for handle propertiesee84doctype
12:05:50.357 [main] TRACE - Resolving type for handle ctproperties3f10type
12:05:50.374 [main] TRACE - Resolving type for handle properties288cdoctype
12:05:50.375 [main] TRACE - Resolving type for handle ctproperties2c18type
12:05:50.391 [main] DEBUG - Save content types part
12:05:50.477 [main] DEBUG - Save package relationships
12:05:50.481 [main] DEBUG - Save part 'docProps/app.xml'
12:05:50.482 [main] DEBUG - Save part 'docProps/core.xml'
12:05:50.484 [main] DEBUG - Save part 'xl/sharedStrings.xml'
12:05:50.484 [main] DEBUG - Save part 'xl/styles.xml'
12:05:50.484 [main] DEBUG - Save part 'xl/theme/theme1.xml'
12:05:50.485 [main] DEBUG - Save part 'xl/workbook.xml'
12:05:50.486 [main] DEBUG - Save part 'xl/worksheets/sheet1.xml'
12:05:50.486 [main] DEBUG - Save part 'xl/worksheets/sheet2.xml'
12:05:50.487 [main] DEBUG - Save part 'xl/worksheets/sheet3.xml'
12:05:50.487 [main] DEBUG - Save part 'xl/worksheets/sheet4.xml'
12:05:50.487 [main] DEBUG - Save part 'xl/worksheets/sheet5.xml'
12:05:50.487 [main] DEBUG - Save part 'xl/worksheets/sheet6.xml'
12:05:50.487 [main] DEBUG - Save part 'xl/worksheets/sheet7.xml'
12:05:50.487 [main] DEBUG - Save part 'xl/worksheets/sheet8.xml'
12:06:48.586 [main] DEBUG - Parsing relationship: /xl/_rels/workbook.xml.rels
12:06:48.595 [main] DEBUG - Parsing relationship: /_rels/.rels
12:06:48.761 [main] TRACE - Loading type system org.apache.poi.schemas.ooxml.system.ooxml
12:06:48.765 [main] TRACE - Loading type system org.apache.xmlbeans.metadata.system.sXMLCONFIG
12:06:48.767 [main] TRACE - Loading type system org.apache.xmlbeans.metadata.system.sXMLLANG
12:06:48.767 [main] TRACE - Loading type system org.apache.xmlbeans.metadata.system.sXMLSCHEMA
12:06:48.768 [main] TRACE - Loading type system org.apache.xmlbeans.metadata.system.sXMLTOOLS
12:06:48.769 [main] TRACE - Reading unresolved handles for type system org.apache.xmlbeans.metadata.system.sXMLTOOLS
12:06:48.780 [main] TRACE - Finished loading type system org.apache.xmlbeans.metadata.system.sXMLTOOLS
12:06:48.782 [main] TRACE - Reading unresolved handles for type system org.apache.xmlbeans.metadata.system.sXMLSCHEMA
12:06:48.786 [main] TRACE - Finished loading type system org.apache.xmlbeans.metadata.system.sXMLSCHEMA
12:06:48.787 [main] TRACE - Reading unresolved handles for type system org.apache.xmlbeans.metadata.system.sXMLLANG
12:06:48.788 [main] TRACE - Finished loading type system org.apache.xmlbeans.metadata.system.sXMLLANG
12:06:48.789 [main] TRACE - Reading unresolved handles for type system org.apache.xmlbeans.metadata.system.sXMLCONFIG
12:06:48.790 [main] TRACE - Finished loading type system org.apache.xmlbeans.metadata.system.sXMLCONFIG
12:06:48.791 [main] TRACE - Reading unresolved handles for type system org.apache.poi.schemas.ooxml.system.ooxml
12:06:48.852 [main] TRACE - Finished loading type system org.apache.poi.schemas.ooxml.system.ooxml
12:06:48.854 [main] TRACE - Resolving type for handle stylesheet5d8bdoctype
12:06:48.917 [main] TRACE - Resolving type for handle ctstylesheet4257type
12:06:48.922 [main] TRACE - Resolving type for handle ctnumfmtsb58btype
12:06:48.924 [main] TRACE - Resolving type for handle ctfonts6623type
12:06:48.926 [main] TRACE - Resolving type for handle ctfont14d8type
12:06:48.932 [main] TRACE - Resolving type for handle ctfills2c6ftype
12:06:48.934 [main] TRACE - Resolving type for handle ctfill550ctype
12:06:48.936 [main] TRACE - Resolving type for handle ctborders0d66type
12:06:48.938 [main] TRACE - Resolving type for handle ctborderf935type
12:06:48.941 [main] TRACE - Resolving type for handle ctcellxfs1322type
12:06:48.943 [main] TRACE - Resolving type for handle ctxf97f7type
12:06:48.946 [main] TRACE - Resolving type for handle ctcellstylexfsa81ftype
12:06:48.947 [main] TRACE - Resolving type for handle ctdxfsb26atype
12:06:48.950 [main] TRACE - Resolving type for handle cttablestyles872ftype
12:06:48.953 [main] TRACE - Resolving type for handle sstf81fdoctype
12:06:48.959 [main] TRACE - Resolving type for handle ctsst44f3type
12:06:48.974 [main] TRACE - Resolving type for handle ctrsta472type
12:06:49.013 [main] TRACE - Resolving type for handle themefd26doctype
12:06:49.025 [main] TRACE - Resolving type for handle workbookec17doctype
12:06:49.034 [main] TRACE - Resolving type for handle ctworkbook83c3type
12:06:49.049 [main] TRACE - Resolving type for handle ctsheets49fdtype
12:06:49.052 [main] TRACE - Resolving type for handle ctsheet4dbetype
12:06:49.054 [main] TRACE - Resolving type for handle strelationshipid1e94type
12:06:49.056 [main] TRACE - Resolving type for handle worksheetf539doctype
12:06:49.063 [main] TRACE - Resolving type for handle ctworksheet530dtype
12:06:49.073 [main] TRACE - Resolving type for handle ctcols627ctype
12:06:49.077 [main] TRACE - Resolving type for handle ctcola95ftype
12:06:49.092 [main] TRACE - Resolving type for handle ctsheetdata8408type
12:06:49.096 [main] TRACE - Resolving type for handle ctrowdd39type
12:06:49.103 [main] TRACE - Resolving type for handle ctcell842btype
12:06:49.110 [main] TRACE - Resolving type for handle stcellrefe4e0type
12:06:49.141 [main] TRACE - Resolving type for handle stxstringf179type
12:06:49.143 [main] TRACE - Resolving type for handle stcelltypebf95type
12:07:00.354 [main] DEBUG - Parsing relationship: /xl/_rels/workbook.xml.rels
12:07:00.356 [main] DEBUG - Parsing relationship: /_rels/.rels
12:07:15.139 [main] TRACE - Resolving type for handle stcellstylexfid70c7type
12:07:15.142 [main] TRACE - Resolving type for handle ctsheetdimensiond310type
12:07:15.145 [main] TRACE - Resolving type for handle stref90a2type
12:07:15.167 [main] TRACE - Resolving type for handle propertiesee84doctype
12:07:15.169 [main] TRACE - Resolving type for handle ctproperties3f10type
12:07:15.172 [main] TRACE - Resolving type for handle properties288cdoctype
12:07:15.173 [main] TRACE - Resolving type for handle ctproperties2c18type
12:07:15.186 [main] DEBUG - Save content types part
12:07:15.266 [main] DEBUG - Save package relationships
12:07:15.270 [main] DEBUG - Save part 'docProps/app.xml'
12:07:15.271 [main] DEBUG - Save part 'docProps/core.xml'
12:07:15.273 [main] DEBUG - Save part 'xl/sharedStrings.xml'
12:07:15.273 [main] DEBUG - Save part 'xl/styles.xml'
12:07:15.274 [main] DEBUG - Save part 'xl/theme/theme1.xml'
12:07:15.274 [main] DEBUG - Save part 'xl/workbook.xml'
12:07:15.277 [main] DEBUG - Save part 'xl/worksheets/sheet1.xml'
12:07:15.277 [main] DEBUG - Save part 'xl/worksheets/sheet2.xml'
12:07:15.278 [main] DEBUG - Save part 'xl/worksheets/sheet3.xml'
12:07:15.278 [main] DEBUG - Save part 'xl/worksheets/sheet4.xml'
12:07:15.278 [main] DEBUG - Save part 'xl/worksheets/sheet5.xml'
12:07:15.279 [main] DEBUG - Save part 'xl/worksheets/sheet6.xml'
12:07:15.279 [main] DEBUG - Save part 'xl/worksheets/sheet7.xml'
12:07:15.279 [main] DEBUG - Save part 'xl/worksheets/sheet8.xml'
12:07:15.364 [main] DEBUG - Save content types part
12:07:15.366 [main] DEBUG - Save package relationships
12:07:15.368 [main] DEBUG - Save part 'docProps/app.xml'
12:07:15.368 [main] DEBUG - Save part 'docProps/core.xml'
12:07:15.370 [main] DEBUG - Save part 'xl/sharedStrings.xml'
12:07:15.371 [main] DEBUG - Save part 'xl/styles.xml'
12:07:15.371 [main] DEBUG - Save part 'xl/theme/theme1.xml'
12:07:15.371 [main] DEBUG - Save part 'xl/workbook.xml'
12:07:15.373 [main] DEBUG - Save part 'xl/worksheets/sheet1.xml'
12:07:15.374 [main] DEBUG - Save part 'xl/worksheets/sheet2.xml'
12:07:15.374 [main] DEBUG - Save part 'xl/worksheets/sheet3.xml'
12:07:15.374 [main] DEBUG - Save part 'xl/worksheets/sheet4.xml'
12:07:15.375 [main] DEBUG - Save part 'xl/worksheets/sheet5.xml'
12:07:15.375 [main] DEBUG - Save part 'xl/worksheets/sheet6.xml'
12:07:15.375 [main] DEBUG - Save part 'xl/worksheets/sheet7.xml'
12:07:15.375 [main] DEBUG - Save part 'xl/worksheets/sheet8.xml'
12:07:15.441 [main] DEBUG - Save content types part
12:07:15.444 [main] DEBUG - Save package relationships
12:07:15.445 [main] DEBUG - Save part 'docProps/app.xml'
12:07:15.447 [main] DEBUG - Save part 'docProps/core.xml'
12:07:15.448 [main] DEBUG - Save part 'xl/sharedStrings.xml'
12:07:15.449 [main] DEBUG - Save part 'xl/styles.xml'
12:07:15.449 [main] DEBUG - Save part 'xl/theme/theme1.xml'
12:07:15.450 [main] DEBUG - Save part 'xl/workbook.xml'
12:07:15.452 [main] DEBUG - Save part 'xl/worksheets/sheet1.xml'
12:07:15.452 [main] DEBUG - Save part 'xl/worksheets/sheet2.xml'
12:07:15.452 [main] DEBUG - Save part 'xl/worksheets/sheet3.xml'
12:07:15.452 [main] DEBUG - Save part 'xl/worksheets/sheet4.xml'
12:07:15.453 [main] DEBUG - Save part 'xl/worksheets/sheet5.xml'
12:07:15.453 [main] DEBUG - Save part 'xl/worksheets/sheet6.xml'
12:07:15.453 [main] DEBUG - Save part 'xl/worksheets/sheet7.xml'
12:07:15.453 [main] DEBUG - Save part 'xl/worksheets/sheet8.xml'
12:07:15.519 [main] DEBUG - Save content types part
12:07:15.522 [main] DEBUG - Save package relationships
12:07:15.523 [main] DEBUG - Save part 'docProps/app.xml'
12:07:15.524 [main] DEBUG - Save part 'docProps/core.xml'
12:07:15.526 [main] DEBUG - Save part 'xl/sharedStrings.xml'
12:07:15.526 [main] DEBUG - Save part 'xl/styles.xml'
12:07:15.526 [main] DEBUG - Save part 'xl/theme/theme1.xml'
12:07:15.527 [main] DEBUG - Save part 'xl/workbook.xml'
12:07:15.529 [main] DEBUG - Save part 'xl/worksheets/sheet1.xml'
12:07:15.530 [main] DEBUG - Save part 'xl/worksheets/sheet2.xml'
12:07:15.530 [main] DEBUG - Save part 'xl/worksheets/sheet3.xml'
12:07:15.530 [main] DEBUG - Save part 'xl/worksheets/sheet4.xml'
12:07:15.530 [main] DEBUG - Save part 'xl/worksheets/sheet5.xml'
12:07:15.530 [main] DEBUG - Save part 'xl/worksheets/sheet6.xml'
12:07:15.530 [main] DEBUG - Save part 'xl/worksheets/sheet7.xml'
12:07:15.531 [main] DEBUG - Save part 'xl/worksheets/sheet8.xml'
12:07:25.642 [main] DEBUG - Save content types part
12:07:25.644 [main] DEBUG - Save package relationships
12:07:25.646 [main] DEBUG - Save part 'docProps/app.xml'
12:07:25.646 [main] DEBUG - Save part 'docProps/core.xml'
12:07:25.648 [main] DEBUG - Save part 'xl/sharedStrings.xml'
12:07:25.648 [main] DEBUG - Save part 'xl/styles.xml'
12:07:25.648 [main] DEBUG - Save part 'xl/theme/theme1.xml'
12:07:25.649 [main] DEBUG - Save part 'xl/workbook.xml'
12:07:25.651 [main] DEBUG - Save part 'xl/worksheets/sheet1.xml'
12:07:25.651 [main] DEBUG - Save part 'xl/worksheets/sheet2.xml'
12:07:25.652 [main] DEBUG - Save part 'xl/worksheets/sheet3.xml'
12:07:25.652 [main] DEBUG - Save part 'xl/worksheets/sheet4.xml'
12:07:25.652 [main] DEBUG - Save part 'xl/worksheets/sheet5.xml'
12:07:25.652 [main] DEBUG - Save part 'xl/worksheets/sheet6.xml'
12:07:25.653 [main] DEBUG - Save part 'xl/worksheets/sheet7.xml'
12:07:25.653 [main] DEBUG - Save part 'xl/worksheets/sheet8.xml'
12:07:25.690 [main] DEBUG - Save content types part
12:07:25.693 [main] DEBUG - Save package relationships
12:07:25.695 [main] DEBUG - Save part 'docProps/app.xml'
12:07:25.695 [main] DEBUG - Save part 'docProps/core.xml'
12:07:25.699 [main] DEBUG - Save part 'xl/sharedStrings.xml'
12:07:25.700 [main] DEBUG - Save part 'xl/styles.xml'
12:07:25.700 [main] DEBUG - Save part 'xl/theme/theme1.xml'
12:07:25.701 [main] DEBUG - Save part 'xl/workbook.xml'
12:07:25.704 [main] DEBUG - Save part 'xl/worksheets/sheet1.xml'
12:07:25.704 [main] DEBUG - Save part 'xl/worksheets/sheet2.xml'
12:07:25.705 [main] DEBUG - Save part 'xl/worksheets/sheet3.xml'
12:07:25.705 [main] DEBUG - Save part 'xl/worksheets/sheet4.xml'
12:07:25.705 [main] DEBUG - Save part 'xl/worksheets/sheet5.xml'
12:07:25.705 [main] DEBUG - Save part 'xl/worksheets/sheet6.xml'
12:07:25.706 [main] DEBUG - Save part 'xl/worksheets/sheet7.xml'
12:07:25.706 [main] DEBUG - Save part 'xl/worksheets/sheet8.xml'
12:07:25.745 [main] DEBUG - Save content types part
12:07:25.746 [main] DEBUG - Save package relationships
12:07:25.749 [main] DEBUG - Save part 'docProps/app.xml'
12:07:25.749 [main] DEBUG - Save part 'docProps/core.xml'
12:07:25.752 [main] DEBUG - Save part 'xl/sharedStrings.xml'
12:07:25.752 [main] DEBUG - Save part 'xl/styles.xml'
12:07:25.753 [main] DEBUG - Save part 'xl/theme/theme1.xml'
12:07:25.753 [main] DEBUG - Save part 'xl/workbook.xml'
12:07:25.756 [main] DEBUG - Save part 'xl/worksheets/sheet1.xml'
12:07:25.756 [main] DEBUG - Save part 'xl/worksheets/sheet2.xml'
12:07:25.756 [main] DEBUG - Save part 'xl/worksheets/sheet3.xml'
12:07:25.757 [main] DEBUG - Save part 'xl/worksheets/sheet4.xml'
12:07:25.757 [main] DEBUG - Save part 'xl/worksheets/sheet5.xml'
12:07:25.757 [main] DEBUG - Save part 'xl/worksheets/sheet6.xml'
12:07:25.758 [main] DEBUG - Save part 'xl/worksheets/sheet7.xml'
12:07:25.758 [main] DEBUG - Save part 'xl/worksheets/sheet8.xml'
12:07:25.803 [main] DEBUG - Save content types part
12:07:25.804 [main] DEBUG - Save package relationships
12:07:25.806 [main] DEBUG - Save part 'docProps/app.xml'
12:07:25.806 [main] DEBUG - Save part 'docProps/core.xml'
12:07:25.809 [main] DEBUG - Save part 'xl/sharedStrings.xml'
12:07:25.810 [main] DEBUG - Save part 'xl/styles.xml'
12:07:25.810 [main] DEBUG - Save part 'xl/theme/theme1.xml'
12:07:25.810 [main] DEBUG - Save part 'xl/workbook.xml'
12:07:25.813 [main] DEBUG - Save part 'xl/worksheets/sheet1.xml'
12:07:25.814 [main] DEBUG - Save part 'xl/worksheets/sheet2.xml'
12:07:25.814 [main] DEBUG - Save part 'xl/worksheets/sheet3.xml'
12:07:25.814 [main] DEBUG - Save part 'xl/worksheets/sheet4.xml'
12:07:25.815 [main] DEBUG - Save part 'xl/worksheets/sheet5.xml'
12:07:25.815 [main] DEBUG - Save part 'xl/worksheets/sheet6.xml'
12:07:25.815 [main] DEBUG - Save part 'xl/worksheets/sheet7.xml'
12:07:25.815 [main] DEBUG - Save part 'xl/worksheets/sheet8.xml'
12:07:25.870 [main] DEBUG - Save content types part
12:07:25.872 [main] DEBUG - Save package relationships
12:07:25.874 [main] DEBUG - Save part 'docProps/app.xml'
12:07:25.874 [main] DEBUG - Save part 'docProps/core.xml'
12:07:25.877 [main] DEBUG - Save part 'xl/sharedStrings.xml'
12:07:25.877 [main] DEBUG - Save part 'xl/styles.xml'
12:07:25.877 [main] DEBUG - Save part 'xl/theme/theme1.xml'
12:07:25.878 [main] DEBUG - Save part 'xl/workbook.xml'
12:07:25.880 [main] DEBUG - Save part 'xl/worksheets/sheet1.xml'
12:07:25.880 [main] DEBUG - Save part 'xl/worksheets/sheet2.xml'
12:07:25.880 [main] DEBUG - Save part 'xl/worksheets/sheet3.xml'
12:07:25.881 [main] DEBUG - Save part 'xl/worksheets/sheet4.xml'
12:07:25.881 [main] DEBUG - Save part 'xl/worksheets/sheet5.xml'
12:07:25.881 [main] DEBUG - Save part 'xl/worksheets/sheet6.xml'
12:07:25.881 [main] DEBUG - Save part 'xl/worksheets/sheet7.xml'
12:07:25.881 [main] DEBUG - Save part 'xl/worksheets/sheet8.xml'
12:07:25.922 [main] DEBUG - Save content types part
12:07:25.924 [main] DEBUG - Save package relationships
12:07:25.925 [main] DEBUG - Save part 'docProps/app.xml'
12:07:25.927 [main] DEBUG - Save part 'docProps/core.xml'
12:07:25.928 [main] DEBUG - Save part 'xl/sharedStrings.xml'
12:07:25.928 [main] DEBUG - Save part 'xl/styles.xml'
12:07:25.928 [main] DEBUG - Save part 'xl/theme/theme1.xml'
12:07:25.930 [main] DEBUG - Save part 'xl/workbook.xml'
12:07:25.932 [main] DEBUG - Save part 'xl/worksheets/sheet1.xml'
12:07:25.932 [main] DEBUG - Save part 'xl/worksheets/sheet2.xml'
12:07:25.933 [main] DEBUG - Save part 'xl/worksheets/sheet3.xml'
12:07:25.933 [main] DEBUG - Save part 'xl/worksheets/sheet4.xml'
12:07:25.933 [main] DEBUG - Save part 'xl/worksheets/sheet5.xml'
12:07:25.934 [main] DEBUG - Save part 'xl/worksheets/sheet6.xml'
12:07:25.934 [main] DEBUG - Save part 'xl/worksheets/sheet7.xml'
12:07:25.934 [main] DEBUG - Save part 'xl/worksheets/sheet8.xml'
12:07:25.964 [main] DEBUG - Save content types part
12:07:25.965 [main] DEBUG - Save package relationships
12:07:25.967 [main] DEBUG - Save part 'docProps/app.xml'
12:07:25.967 [main] DEBUG - Save part 'docProps/core.xml'
12:07:25.969 [main] DEBUG - Save part 'xl/sharedStrings.xml'
12:07:25.970 [main] DEBUG - Save part 'xl/styles.xml'
12:07:25.970 [main] DEBUG - Save part 'xl/theme/theme1.xml'
12:07:25.970 [main] DEBUG - Save part 'xl/workbook.xml'
12:07:25.972 [main] DEBUG - Save part 'xl/worksheets/sheet1.xml'
12:07:25.972 [main] DEBUG - Save part 'xl/worksheets/sheet2.xml'
12:07:25.973 [main] DEBUG - Save part 'xl/worksheets/sheet3.xml'
12:07:25.973 [main] DEBUG - Save part 'xl/worksheets/sheet4.xml'
12:07:25.973 [main] DEBUG - Save part 'xl/worksheets/sheet5.xml'
12:07:25.973 [main] DEBUG - Save part 'xl/worksheets/sheet6.xml'
12:07:25.974 [main] DEBUG - Save part 'xl/worksheets/sheet7.xml'
12:07:25.974 [main] DEBUG - Save part 'xl/worksheets/sheet8.xml'
12:07:26.011 [main] DEBUG - Save content types part
12:07:26.013 [main] DEBUG - Save package relationships
12:07:26.015 [main] DEBUG - Save part 'docProps/app.xml'
12:07:26.016 [main] DEBUG - Save part 'docProps/core.xml'
12:07:26.017 [main] DEBUG - Save part 'xl/sharedStrings.xml'
12:07:26.018 [main] DEBUG - Save part 'xl/styles.xml'
12:07:26.018 [main] DEBUG - Save part 'xl/theme/theme1.xml'
12:07:26.019 [main] DEBUG - Save part 'xl/workbook.xml'
12:07:26.021 [main] DEBUG - Save part 'xl/worksheets/sheet1.xml'
12:07:26.021 [main] DEBUG - Save part 'xl/worksheets/sheet2.xml'
12:07:26.022 [main] DEBUG - Save part 'xl/worksheets/sheet3.xml'
12:07:26.022 [main] DEBUG - Save part 'xl/worksheets/sheet4.xml'
12:07:26.022 [main] DEBUG - Save part 'xl/worksheets/sheet5.xml'
12:07:26.023 [main] DEBUG - Save part 'xl/worksheets/sheet6.xml'
12:07:26.023 [main] DEBUG - Save part 'xl/worksheets/sheet7.xml'
12:07:26.023 [main] DEBUG - Save part 'xl/worksheets/sheet8.xml'
12:07:26.087 [main] DEBUG - Save content types part
12:07:26.089 [main] DEBUG - Save package relationships
12:07:26.089 [main] DEBUG - Save part 'docProps/app.xml'
12:07:26.090 [main] DEBUG - Save part 'docProps/core.xml'
12:07:26.091 [main] DEBUG - Save part 'xl/sharedStrings.xml'
12:07:26.091 [main] DEBUG - Save part 'xl/styles.xml'
12:07:26.092 [main] DEBUG - Save part 'xl/theme/theme1.xml'
12:07:26.092 [main] DEBUG - Save part 'xl/workbook.xml'
12:07:26.094 [main] DEBUG - Save part 'xl/worksheets/sheet1.xml'
12:07:26.094 [main] DEBUG - Save part 'xl/worksheets/sheet2.xml'
12:07:26.094 [main] DEBUG - Save part 'xl/worksheets/sheet3.xml'
12:07:26.094 [main] DEBUG - Save part 'xl/worksheets/sheet4.xml'
12:07:26.094 [main] DEBUG - Save part 'xl/worksheets/sheet5.xml'
12:07:26.094 [main] DEBUG - Save part 'xl/worksheets/sheet6.xml'
12:07:26.095 [main] DEBUG - Save part 'xl/worksheets/sheet7.xml'
12:07:26.095 [main] DEBUG - Save part 'xl/worksheets/sheet8.xml'
12:07:26.128 [main] DEBUG - Save content types part
12:07:26.129 [main] DEBUG - Save package relationships
12:07:26.130 [main] DEBUG - Save part 'docProps/app.xml'
12:07:26.130 [main] DEBUG - Save part 'docProps/core.xml'
12:07:26.131 [main] DEBUG - Save part 'xl/sharedStrings.xml'
12:07:26.131 [main] DEBUG - Save part 'xl/styles.xml'
12:07:26.131 [main] DEBUG - Save part 'xl/theme/theme1.xml'
12:07:26.132 [main] DEBUG - Save part 'xl/workbook.xml'
12:07:26.133 [main] DEBUG - Save part 'xl/worksheets/sheet1.xml'
12:07:26.133 [main] DEBUG - Save part 'xl/worksheets/sheet2.xml'
12:07:26.133 [main] DEBUG - Save part 'xl/worksheets/sheet3.xml'
12:07:26.134 [main] DEBUG - Save part 'xl/worksheets/sheet4.xml'
12:07:26.134 [main] DEBUG - Save part 'xl/worksheets/sheet5.xml'
12:07:26.134 [main] DEBUG - Save part 'xl/worksheets/sheet6.xml'
12:07:26.134 [main] DEBUG - Save part 'xl/worksheets/sheet7.xml'
12:07:26.134 [main] DEBUG - Save part 'xl/worksheets/sheet8.xml'
12:07:26.166 [main] DEBUG - Save content types part
12:07:26.168 [main] DEBUG - Save package relationships
12:07:26.170 [main] DEBUG - Save part 'docProps/app.xml'
12:07:26.170 [main] DEBUG - Save part 'docProps/core.xml'
12:07:26.172 [main] DEBUG - Save part 'xl/sharedStrings.xml'
12:07:26.172 [main] DEBUG - Save part 'xl/styles.xml'
12:07:26.173 [main] DEBUG - Save part 'xl/theme/theme1.xml'
12:07:26.173 [main] DEBUG - Save part 'xl/workbook.xml'
12:07:26.174 [main] DEBUG - Save part 'xl/worksheets/sheet1.xml'
12:07:26.175 [main] DEBUG - Save part 'xl/worksheets/sheet2.xml'
12:07:26.175 [main] DEBUG - Save part 'xl/worksheets/sheet3.xml'
12:07:26.175 [main] DEBUG - Save part 'xl/worksheets/sheet4.xml'
12:07:26.175 [main] DEBUG - Save part 'xl/worksheets/sheet5.xml'
12:07:26.175 [main] DEBUG - Save part 'xl/worksheets/sheet6.xml'
12:07:26.175 [main] DEBUG - Save part 'xl/worksheets/sheet7.xml'
12:07:26.175 [main] DEBUG - Save part 'xl/worksheets/sheet8.xml'
12:07:26.209 [main] DEBUG - Save content types part
12:07:26.211 [main] DEBUG - Save package relationships
12:07:26.212 [main] DEBUG - Save part 'docProps/app.xml'
12:07:26.214 [main] DEBUG - Save part 'docProps/core.xml'
12:07:26.215 [main] DEBUG - Save part 'xl/sharedStrings.xml'
12:07:26.216 [main] DEBUG - Save part 'xl/styles.xml'
12:07:26.216 [main] DEBUG - Save part 'xl/theme/theme1.xml'
12:07:26.216 [main] DEBUG - Save part 'xl/workbook.xml'
12:07:26.218 [main] DEBUG - Save part 'xl/worksheets/sheet1.xml'
12:07:26.218 [main] DEBUG - Save part 'xl/worksheets/sheet2.xml'
12:07:26.219 [main] DEBUG - Save part 'xl/worksheets/sheet3.xml'
12:07:26.219 [main] DEBUG - Save part 'xl/worksheets/sheet4.xml'
12:07:26.219 [main] DEBUG - Save part 'xl/worksheets/sheet5.xml'
12:07:26.219 [main] DEBUG - Save part 'xl/worksheets/sheet6.xml'
12:07:26.219 [main] DEBUG - Save part 'xl/worksheets/sheet7.xml'
12:07:26.220 [main] DEBUG - Save part 'xl/worksheets/sheet8.xml'
12:10:00.660 [main] DEBUG - Parsing relationship: /xl/_rels/workbook.xml.rels
12:10:00.666 [main] DEBUG - Parsing relationship: /_rels/.rels
12:10:00.840 [main] TRACE - Loading type system org.apache.poi.schemas.ooxml.system.ooxml
12:10:00.842 [main] TRACE - Loading type system org.apache.xmlbeans.metadata.system.sXMLCONFIG
12:10:00.844 [main] TRACE - Loading type system org.apache.xmlbeans.metadata.system.sXMLLANG
12:10:00.845 [main] TRACE - Loading type system org.apache.xmlbeans.metadata.system.sXMLSCHEMA
12:10:00.845 [main] TRACE - Loading type system org.apache.xmlbeans.metadata.system.sXMLTOOLS
12:10:00.846 [main] TRACE - Reading unresolved handles for type system org.apache.xmlbeans.metadata.system.sXMLTOOLS
12:10:00.857 [main] TRACE - Finished loading type system org.apache.xmlbeans.metadata.system.sXMLTOOLS
12:10:00.858 [main] TRACE - Reading unresolved handles for type system org.apache.xmlbeans.metadata.system.sXMLSCHEMA
12:10:00.866 [main] TRACE - Finished loading type system org.apache.xmlbeans.metadata.system.sXMLSCHEMA
12:10:00.868 [main] TRACE - Reading unresolved handles for type system org.apache.xmlbeans.metadata.system.sXMLLANG
12:10:00.869 [main] TRACE - Finished loading type system org.apache.xmlbeans.metadata.system.sXMLLANG
12:10:00.871 [main] TRACE - Reading unresolved handles for type system org.apache.xmlbeans.metadata.system.sXMLCONFIG
12:10:00.872 [main] TRACE - Finished loading type system org.apache.xmlbeans.metadata.system.sXMLCONFIG
12:10:00.874 [main] TRACE - Reading unresolved handles for type system org.apache.poi.schemas.ooxml.system.ooxml
12:10:00.962 [main] TRACE - Finished loading type system org.apache.poi.schemas.ooxml.system.ooxml
12:10:00.963 [main] TRACE - Resolving type for handle stylesheet5d8bdoctype
12:10:01.013 [main] TRACE - Resolving type for handle ctstylesheet4257type
12:10:01.020 [main] TRACE - Resolving type for handle ctnumfmtsb58btype
12:10:01.023 [main] TRACE - Resolving type for handle ctfonts6623type
12:10:01.026 [main] TRACE - Resolving type for handle ctfont14d8type
12:10:01.032 [main] TRACE - Resolving type for handle ctfills2c6ftype
12:10:01.035 [main] TRACE - Resolving type for handle ctfill550ctype
12:10:01.037 [main] TRACE - Resolving type for handle ctborders0d66type
12:10:01.041 [main] TRACE - Resolving type for handle ctborderf935type
12:10:01.044 [main] TRACE - Resolving type for handle ctcellxfs1322type
12:10:01.047 [main] TRACE - Resolving type for handle ctxf97f7type
12:10:01.053 [main] TRACE - Resolving type for handle ctcellstylexfsa81ftype
12:10:01.055 [main] TRACE - Resolving type for handle ctdxfsb26atype
12:10:01.059 [main] TRACE - Resolving type for handle cttablestyles872ftype
