12:10:01.063 [main] TRACE - Resolving type for handle sstf81fdoctype
12:10:01.080 [main] TRACE - Resolving type for handle ctsst44f3type
12:10:01.089 [main] TRACE - Resolving type for handle ctrsta472type
12:10:01.118 [main] TRACE - Resolving type for handle themefd26doctype
12:10:01.130 [main] TRACE - Resolving type for handle workbookec17doctype
12:10:01.135 [main] TRACE - Resolving type for handle ctworkbook83c3type
12:10:01.138 [main] TRACE - Resolving type for handle ctsheets49fdtype
12:10:01.141 [main] TRACE - Resolving type for handle ctsheet4dbetype
12:10:01.143 [main] TRACE - Resolving type for handle strelationshipid1e94type
12:10:01.145 [main] TRACE - Resolving type for handle worksheetf539doctype
12:10:01.150 [main] TRACE - Resolving type for handle ctworksheet530dtype
12:10:01.157 [main] TRACE - Resolving type for handle ctcols627ctype
12:10:01.162 [main] TRACE - Resolving type for handle ctcola95ftype
12:10:01.177 [main] TRACE - Resolving type for handle ctsheetdata8408type
12:10:01.180 [main] TRACE - Resolving type for handle ctrowdd39type
12:10:01.184 [main] TRACE - Resolving type for handle ctcell842btype
12:10:01.190 [main] TRACE - Resolving type for handle stcellrefe4e0type
12:10:01.216 [main] TRACE - Resolving type for handle stxstringf179type
12:10:01.219 [main] TRACE - Resolving type for handle stcelltypebf95type
12:10:12.539 [main] DEBUG - Parsing relationship: /xl/_rels/workbook.xml.rels
12:10:12.540 [main] DEBUG - Parsing relationship: /_rels/.rels
12:10:12.607 [main] TRACE - Resolving type for handle stcellstylexfid70c7type
12:10:12.610 [main] TRACE - Resolving type for handle stnumfmtid76fbtype
12:10:12.613 [main] TRACE - Resolving type for handle ctworkbookpr03a5type
12:14:31.681 [main] DEBUG - Parsing relationship: /xl/_rels/workbook.xml.rels
12:14:31.691 [main] DEBUG - Parsing relationship: /_rels/.rels
12:14:31.914 [main] TRACE - Loading type system org.apache.poi.schemas.ooxml.system.ooxml
12:14:31.917 [main] TRACE - Loading type system org.apache.xmlbeans.metadata.system.sXMLCONFIG
12:14:31.918 [main] TRACE - Loading type system org.apache.xmlbeans.metadata.system.sXMLLANG
12:14:31.919 [main] TRACE - Loading type system org.apache.xmlbeans.metadata.system.sXMLSCHEMA
12:14:31.919 [main] TRACE - Loading type system org.apache.xmlbeans.metadata.system.sXMLTOOLS
12:14:31.920 [main] TRACE - Reading unresolved handles for type system org.apache.xmlbeans.metadata.system.sXMLTOOLS
12:14:31.932 [main] TRACE - Finished loading type system org.apache.xmlbeans.metadata.system.sXMLTOOLS
12:14:31.933 [main] TRACE - Reading unresolved handles for type system org.apache.xmlbeans.metadata.system.sXMLSCHEMA
12:14:31.939 [main] TRACE - Finished loading type system org.apache.xmlbeans.metadata.system.sXMLSCHEMA
12:14:31.940 [main] TRACE - Reading unresolved handles for type system org.apache.xmlbeans.metadata.system.sXMLLANG
12:14:31.941 [main] TRACE - Finished loading type system org.apache.xmlbeans.metadata.system.sXMLLANG
12:14:31.942 [main] TRACE - Reading unresolved handles for type system org.apache.xmlbeans.metadata.system.sXMLCONFIG
12:14:31.943 [main] TRACE - Finished loading type system org.apache.xmlbeans.metadata.system.sXMLCONFIG
12:14:31.944 [main] TRACE - Reading unresolved handles for type system org.apache.poi.schemas.ooxml.system.ooxml
12:14:32.021 [main] TRACE - Finished loading type system org.apache.poi.schemas.ooxml.system.ooxml
12:14:32.022 [main] TRACE - Resolving type for handle stylesheet5d8bdoctype
12:14:32.086 [main] TRACE - Resolving type for handle ctstylesheet4257type
12:14:32.094 [main] TRACE - Resolving type for handle ctnumfmtsb58btype
12:14:32.099 [main] TRACE - Resolving type for handle ctfonts6623type
12:14:32.103 [main] TRACE - Resolving type for handle ctfont14d8type
12:14:32.113 [main] TRACE - Resolving type for handle ctfills2c6ftype
12:14:32.117 [main] TRACE - Resolving type for handle ctfill550ctype
12:14:32.121 [main] TRACE - Resolving type for handle ctborders0d66type
12:14:32.129 [main] TRACE - Resolving type for handle ctborderf935type
12:14:32.141 [main] TRACE - Resolving type for handle ctcellxfs1322type
12:14:32.146 [main] TRACE - Resolving type for handle ctxf97f7type
12:14:32.154 [main] TRACE - Resolving type for handle ctcellstylexfsa81ftype
12:14:32.158 [main] TRACE - Resolving type for handle ctdxfsb26atype
12:14:32.163 [main] TRACE - Resolving type for handle cttablestyles872ftype
12:14:32.167 [main] TRACE - Resolving type for handle sstf81fdoctype
12:14:32.179 [main] TRACE - Resolving type for handle ctsst44f3type
12:14:32.194 [main] TRACE - Resolving type for handle ctrsta472type
12:14:32.235 [main] TRACE - Resolving type for handle themefd26doctype
12:14:32.254 [main] TRACE - Resolving type for handle workbookec17doctype
12:14:32.262 [main] TRACE - Resolving type for handle ctworkbook83c3type
12:14:32.268 [main] TRACE - Resolving type for handle ctsheets49fdtype
12:14:32.270 [main] TRACE - Resolving type for handle ctsheet4dbetype
12:14:32.273 [main] TRACE - Resolving type for handle strelationshipid1e94type
12:14:32.276 [main] TRACE - Resolving type for handle worksheetf539doctype
12:14:32.282 [main] TRACE - Resolving type for handle ctworksheet530dtype
12:14:32.296 [main] TRACE - Resolving type for handle ctcols627ctype
12:14:32.302 [main] TRACE - Resolving type for handle ctcola95ftype
12:14:32.325 [main] TRACE - Resolving type for handle ctsheetdata8408type
12:14:32.330 [main] TRACE - Resolving type for handle ctrowdd39type
12:14:32.337 [main] TRACE - Resolving type for handle ctcell842btype
12:14:32.346 [main] TRACE - Resolving type for handle stcellrefe4e0type
12:14:32.384 [main] TRACE - Resolving type for handle stxstringf179type
12:14:32.389 [main] TRACE - Resolving type for handle stcelltypebf95type
12:14:44.218 [main] DEBUG - Parsing relationship: /xl/_rels/workbook.xml.rels
12:14:44.220 [main] DEBUG - Parsing relationship: /_rels/.rels
12:14:44.279 [main] TRACE - Resolving type for handle stcellstylexfid70c7type
12:14:44.281 [main] TRACE - Resolving type for handle stnumfmtid76fbtype
12:14:44.283 [main] TRACE - Resolving type for handle ctworkbookpr03a5type
12:16:25.167 [main] DEBUG - Parsing relationship: /xl/_rels/workbook.xml.rels
12:16:25.175 [main] DEBUG - Parsing relationship: /_rels/.rels
12:16:25.367 [main] TRACE - Loading type system org.apache.poi.schemas.ooxml.system.ooxml
12:16:25.370 [main] TRACE - Loading type system org.apache.xmlbeans.metadata.system.sXMLCONFIG
12:16:25.371 [main] TRACE - Loading type system org.apache.xmlbeans.metadata.system.sXMLLANG
12:16:25.372 [main] TRACE - Loading type system org.apache.xmlbeans.metadata.system.sXMLSCHEMA
12:16:25.372 [main] TRACE - Loading type system org.apache.xmlbeans.metadata.system.sXMLTOOLS
12:16:25.374 [main] TRACE - Reading unresolved handles for type system org.apache.xmlbeans.metadata.system.sXMLTOOLS
12:16:25.387 [main] TRACE - Finished loading type system org.apache.xmlbeans.metadata.system.sXMLTOOLS
12:16:25.388 [main] TRACE - Reading unresolved handles for type system org.apache.xmlbeans.metadata.system.sXMLSCHEMA
12:16:25.393 [main] TRACE - Finished loading type system org.apache.xmlbeans.metadata.system.sXMLSCHEMA
12:16:25.394 [main] TRACE - Reading unresolved handles for type system org.apache.xmlbeans.metadata.system.sXMLLANG
12:16:25.395 [main] TRACE - Finished loading type system org.apache.xmlbeans.metadata.system.sXMLLANG
12:16:25.396 [main] TRACE - Reading unresolved handles for type system org.apache.xmlbeans.metadata.system.sXMLCONFIG
12:16:25.397 [main] TRACE - Finished loading type system org.apache.xmlbeans.metadata.system.sXMLCONFIG
12:16:25.398 [main] TRACE - Reading unresolved handles for type system org.apache.poi.schemas.ooxml.system.ooxml
12:16:25.474 [main] TRACE - Finished loading type system org.apache.poi.schemas.ooxml.system.ooxml
12:16:25.475 [main] TRACE - Resolving type for handle stylesheet5d8bdoctype
12:16:25.569 [main] TRACE - Resolving type for handle ctstylesheet4257type
12:16:25.574 [main] TRACE - Resolving type for handle ctfonts6623type
12:16:25.578 [main] TRACE - Resolving type for handle ctfont14d8type
12:16:25.584 [main] TRACE - Resolving type for handle ctfills2c6ftype
12:16:25.587 [main] TRACE - Resolving type for handle ctfill550ctype
12:16:25.589 [main] TRACE - Resolving type for handle ctborders0d66type
12:16:25.591 [main] TRACE - Resolving type for handle ctborderf935type
12:16:25.594 [main] TRACE - Resolving type for handle ctcellxfs1322type
12:16:25.596 [main] TRACE - Resolving type for handle ctxf97f7type
12:16:25.599 [main] TRACE - Resolving type for handle ctcellstylexfsa81ftype
12:16:25.601 [main] TRACE - Resolving type for handle ctdxfsb26atype
12:16:25.604 [main] TRACE - Resolving type for handle cttablestyles872ftype
12:16:25.607 [main] TRACE - Resolving type for handle sstf81fdoctype
12:16:25.614 [main] TRACE - Resolving type for handle ctsst44f3type
12:16:25.625 [main] TRACE - Resolving type for handle ctrsta472type
12:16:25.650 [main] TRACE - Resolving type for handle themefd26doctype
12:16:25.672 [main] TRACE - Resolving type for handle workbookec17doctype
12:16:25.678 [main] TRACE - Resolving type for handle ctworkbook83c3type
12:16:25.687 [main] TRACE - Resolving type for handle ctsheets49fdtype
12:16:25.693 [main] TRACE - Resolving type for handle ctsheet4dbetype
12:16:25.697 [main] TRACE - Resolving type for handle strelationshipid1e94type
12:16:25.701 [main] TRACE - Resolving type for handle worksheetf539doctype
12:16:25.708 [main] TRACE - Resolving type for handle ctworksheet530dtype
12:16:25.722 [main] TRACE - Resolving type for handle ctcols627ctype
12:16:25.730 [main] TRACE - Resolving type for handle ctcola95ftype
12:16:25.753 [main] TRACE - Resolving type for handle ctsheetdata8408type
12:16:25.757 [main] TRACE - Resolving type for handle ctrowdd39type
12:16:25.766 [main] TRACE - Resolving type for handle ctcell842btype
12:16:25.777 [main] TRACE - Resolving type for handle stcellrefe4e0type
12:16:25.820 [main] TRACE - Resolving type for handle stxstringf179type
12:16:25.823 [main] TRACE - Resolving type for handle stcelltypebf95type
12:16:37.847 [main] DEBUG - Parsing relationship: /xl/_rels/workbook.xml.rels
12:16:37.849 [main] DEBUG - Parsing relationship: /_rels/.rels
12:16:37.941 [main] TRACE - Resolving type for handle stcellstylexfid70c7type
12:16:37.947 [main] TRACE - Resolving type for handle stnumfmtid76fbtype
12:16:37.951 [main] TRACE - Resolving type for handle ctworkbookpr03a5type
12:16:49.513 [main] TRACE - Resolving type for handle ctsheetdimensiond310type
12:16:49.517 [main] TRACE - Resolving type for handle stref90a2type
12:16:49.521 [main] TRACE - Resolving type for handle ctnumfmtsb58btype
12:16:49.545 [main] TRACE - Resolving type for handle propertiesee84doctype
12:16:49.548 [main] TRACE - Resolving type for handle ctproperties3f10type
12:16:49.556 [main] TRACE - Resolving type for handle properties288cdoctype
12:16:49.557 [main] TRACE - Resolving type for handle ctproperties2c18type
12:16:49.581 [main] DEBUG - Save content types part
12:16:49.688 [main] DEBUG - Save package relationships
12:16:49.692 [main] DEBUG - Save part 'docProps/app.xml'
12:16:49.692 [main] DEBUG - Save part 'docProps/core.xml'
12:16:49.695 [main] DEBUG - Save part 'xl/sharedStrings.xml'
12:16:49.696 [main] DEBUG - Save part 'xl/styles.xml'
12:16:49.696 [main] DEBUG - Save part 'xl/theme/theme1.xml'
12:16:49.697 [main] DEBUG - Save part 'xl/workbook.xml'
12:16:49.702 [main] DEBUG - Save part 'xl/worksheets/sheet1.xml'
12:16:49.703 [main] DEBUG - Save part 'xl/worksheets/sheet2.xml'
12:16:49.704 [main] DEBUG - Save part 'xl/worksheets/sheet3.xml'
12:16:49.704 [main] DEBUG - Save part 'xl/worksheets/sheet4.xml'
12:16:49.704 [main] DEBUG - Save part 'xl/worksheets/sheet5.xml'
12:16:49.704 [main] DEBUG - Save part 'xl/worksheets/sheet6.xml'
12:16:49.705 [main] DEBUG - Save part 'xl/worksheets/sheet7.xml'
12:16:49.705 [main] DEBUG - Save part 'xl/worksheets/sheet8.xml'
12:16:49.775 [main] DEBUG - Save content types part
12:16:49.777 [main] DEBUG - Save package relationships
12:16:49.780 [main] DEBUG - Save part 'docProps/app.xml'
12:16:49.780 [main] DEBUG - Save part 'docProps/core.xml'
12:16:49.782 [main] DEBUG - Save part 'xl/sharedStrings.xml'
12:16:49.782 [main] DEBUG - Save part 'xl/styles.xml'
12:16:49.783 [main] DEBUG - Save part 'xl/theme/theme1.xml'
12:16:49.783 [main] DEBUG - Save part 'xl/workbook.xml'
12:16:49.785 [main] DEBUG - Save part 'xl/worksheets/sheet1.xml'
12:16:49.785 [main] DEBUG - Save part 'xl/worksheets/sheet2.xml'
12:16:49.785 [main] DEBUG - Save part 'xl/worksheets/sheet3.xml'
12:16:49.786 [main] DEBUG - Save part 'xl/worksheets/sheet4.xml'
12:16:49.786 [main] DEBUG - Save part 'xl/worksheets/sheet5.xml'
12:16:49.786 [main] DEBUG - Save part 'xl/worksheets/sheet6.xml'
12:16:49.786 [main] DEBUG - Save part 'xl/worksheets/sheet7.xml'
12:16:49.787 [main] DEBUG - Save part 'xl/worksheets/sheet8.xml'
12:16:49.843 [main] DEBUG - Save content types part
12:16:49.845 [main] DEBUG - Save package relationships
12:16:49.847 [main] DEBUG - Save part 'docProps/app.xml'
12:16:49.848 [main] DEBUG - Save part 'docProps/core.xml'
12:16:49.849 [main] DEBUG - Save part 'xl/sharedStrings.xml'
12:16:49.850 [main] DEBUG - Save part 'xl/styles.xml'
12:16:49.850 [main] DEBUG - Save part 'xl/theme/theme1.xml'
12:16:49.851 [main] DEBUG - Save part 'xl/workbook.xml'
12:16:49.853 [main] DEBUG - Save part 'xl/worksheets/sheet1.xml'
12:16:49.854 [main] DEBUG - Save part 'xl/worksheets/sheet2.xml'
12:16:49.854 [main] DEBUG - Save part 'xl/worksheets/sheet3.xml'
12:16:49.854 [main] DEBUG - Save part 'xl/worksheets/sheet4.xml'
12:16:49.855 [main] DEBUG - Save part 'xl/worksheets/sheet5.xml'
12:16:49.855 [main] DEBUG - Save part 'xl/worksheets/sheet6.xml'
12:16:49.855 [main] DEBUG - Save part 'xl/worksheets/sheet7.xml'
12:16:49.856 [main] DEBUG - Save part 'xl/worksheets/sheet8.xml'
12:16:49.911 [main] DEBUG - Save content types part
12:16:49.914 [main] DEBUG - Save package relationships
12:16:49.916 [main] DEBUG - Save part 'docProps/app.xml'
12:16:49.916 [main] DEBUG - Save part 'docProps/core.xml'
12:16:49.918 [main] DEBUG - Save part 'xl/sharedStrings.xml'
12:16:49.918 [main] DEBUG - Save part 'xl/styles.xml'
12:16:49.919 [main] DEBUG - Save part 'xl/theme/theme1.xml'
12:16:49.919 [main] DEBUG - Save part 'xl/workbook.xml'
12:16:49.922 [main] DEBUG - Save part 'xl/worksheets/sheet1.xml'
12:16:49.923 [main] DEBUG - Save part 'xl/worksheets/sheet2.xml'
12:16:49.923 [main] DEBUG - Save part 'xl/worksheets/sheet3.xml'
12:16:49.923 [main] DEBUG - Save part 'xl/worksheets/sheet4.xml'
12:16:49.923 [main] DEBUG - Save part 'xl/worksheets/sheet5.xml'
12:16:49.924 [main] DEBUG - Save part 'xl/worksheets/sheet6.xml'
12:16:49.924 [main] DEBUG - Save part 'xl/worksheets/sheet7.xml'
12:16:49.924 [main] DEBUG - Save part 'xl/worksheets/sheet8.xml'
12:17:00.066 [main] DEBUG - Save content types part
12:17:00.068 [main] DEBUG - Save package relationships
12:17:00.070 [main] DEBUG - Save part 'docProps/app.xml'
12:17:00.071 [main] DEBUG - Save part 'docProps/core.xml'
12:17:00.073 [main] DEBUG - Save part 'xl/sharedStrings.xml'
12:17:00.073 [main] DEBUG - Save part 'xl/styles.xml'
12:17:00.074 [main] DEBUG - Save part 'xl/theme/theme1.xml'
12:17:00.074 [main] DEBUG - Save part 'xl/workbook.xml'
12:17:00.076 [main] DEBUG - Save part 'xl/worksheets/sheet1.xml'
12:17:00.076 [main] DEBUG - Save part 'xl/worksheets/sheet2.xml'
12:17:00.077 [main] DEBUG - Save part 'xl/worksheets/sheet3.xml'
12:17:00.077 [main] DEBUG - Save part 'xl/worksheets/sheet4.xml'
12:17:00.077 [main] DEBUG - Save part 'xl/worksheets/sheet5.xml'
12:17:00.077 [main] DEBUG - Save part 'xl/worksheets/sheet6.xml'
12:17:00.077 [main] DEBUG - Save part 'xl/worksheets/sheet7.xml'
12:17:00.077 [main] DEBUG - Save part 'xl/worksheets/sheet8.xml'
12:17:00.110 [main] DEBUG - Save content types part
12:17:00.112 [main] DEBUG - Save package relationships
12:17:00.113 [main] DEBUG - Save part 'docProps/app.xml'
12:17:00.114 [main] DEBUG - Save part 'docProps/core.xml'
12:17:00.116 [main] DEBUG - Save part 'xl/sharedStrings.xml'
12:17:00.116 [main] DEBUG - Save part 'xl/styles.xml'
12:17:00.116 [main] DEBUG - Save part 'xl/theme/theme1.xml'
12:17:00.117 [main] DEBUG - Save part 'xl/workbook.xml'
12:17:00.119 [main] DEBUG - Save part 'xl/worksheets/sheet1.xml'
12:17:00.119 [main] DEBUG - Save part 'xl/worksheets/sheet2.xml'
12:17:00.119 [main] DEBUG - Save part 'xl/worksheets/sheet3.xml'
12:17:00.119 [main] DEBUG - Save part 'xl/worksheets/sheet4.xml'
12:17:00.119 [main] DEBUG - Save part 'xl/worksheets/sheet5.xml'
12:17:00.119 [main] DEBUG - Save part 'xl/worksheets/sheet6.xml'
12:17:00.120 [main] DEBUG - Save part 'xl/worksheets/sheet7.xml'
12:17:00.120 [main] DEBUG - Save part 'xl/worksheets/sheet8.xml'
12:17:00.154 [main] DEBUG - Save content types part
12:17:00.155 [main] DEBUG - Save package relationships
12:17:00.157 [main] DEBUG - Save part 'docProps/app.xml'
12:17:00.157 [main] DEBUG - Save part 'docProps/core.xml'
12:17:00.158 [main] DEBUG - Save part 'xl/sharedStrings.xml'
12:17:00.158 [main] DEBUG - Save part 'xl/styles.xml'
12:17:00.159 [main] DEBUG - Save part 'xl/theme/theme1.xml'
12:17:00.159 [main] DEBUG - Save part 'xl/workbook.xml'
12:17:00.160 [main] DEBUG - Save part 'xl/worksheets/sheet1.xml'
12:17:00.161 [main] DEBUG - Save part 'xl/worksheets/sheet2.xml'
12:17:00.161 [main] DEBUG - Save part 'xl/worksheets/sheet3.xml'
12:17:00.162 [main] DEBUG - Save part 'xl/worksheets/sheet4.xml'
12:17:00.162 [main] DEBUG - Save part 'xl/worksheets/sheet5.xml'
12:17:00.162 [main] DEBUG - Save part 'xl/worksheets/sheet6.xml'
12:17:00.163 [main] DEBUG - Save part 'xl/worksheets/sheet7.xml'
12:17:00.163 [main] DEBUG - Save part 'xl/worksheets/sheet8.xml'
12:17:00.192 [main] DEBUG - Save content types part
12:17:00.194 [main] DEBUG - Save package relationships
12:17:00.196 [main] DEBUG - Save part 'docProps/app.xml'
12:17:00.196 [main] DEBUG - Save part 'docProps/core.xml'
12:17:00.198 [main] DEBUG - Save part 'xl/sharedStrings.xml'
12:17:00.198 [main] DEBUG - Save part 'xl/styles.xml'
12:17:00.198 [main] DEBUG - Save part 'xl/theme/theme1.xml'
12:17:00.199 [main] DEBUG - Save part 'xl/workbook.xml'
12:17:00.200 [main] DEBUG - Save part 'xl/worksheets/sheet1.xml'
12:17:00.201 [main] DEBUG - Save part 'xl/worksheets/sheet2.xml'
12:17:00.201 [main] DEBUG - Save part 'xl/worksheets/sheet3.xml'
12:17:00.201 [main] DEBUG - Save part 'xl/worksheets/sheet4.xml'
12:17:00.201 [main] DEBUG - Save part 'xl/worksheets/sheet5.xml'
12:17:00.201 [main] DEBUG - Save part 'xl/worksheets/sheet6.xml'
12:17:00.201 [main] DEBUG - Save part 'xl/worksheets/sheet7.xml'
12:17:00.202 [main] DEBUG - Save part 'xl/worksheets/sheet8.xml'
12:17:00.230 [main] DEBUG - Save content types part
12:17:00.232 [main] DEBUG - Save package relationships
12:17:00.233 [main] DEBUG - Save part 'docProps/app.xml'
12:17:00.234 [main] DEBUG - Save part 'docProps/core.xml'
12:17:00.235 [main] DEBUG - Save part 'xl/sharedStrings.xml'
12:17:00.236 [main] DEBUG - Save part 'xl/styles.xml'
12:17:00.236 [main] DEBUG - Save part 'xl/theme/theme1.xml'
12:17:00.237 [main] DEBUG - Save part 'xl/workbook.xml'
12:17:00.238 [main] DEBUG - Save part 'xl/worksheets/sheet1.xml'
12:17:00.239 [main] DEBUG - Save part 'xl/worksheets/sheet2.xml'
12:17:00.239 [main] DEBUG - Save part 'xl/worksheets/sheet3.xml'
12:17:00.239 [main] DEBUG - Save part 'xl/worksheets/sheet4.xml'
12:17:00.239 [main] DEBUG - Save part 'xl/worksheets/sheet5.xml'
12:17:00.239 [main] DEBUG - Save part 'xl/worksheets/sheet6.xml'
12:17:00.240 [main] DEBUG - Save part 'xl/worksheets/sheet7.xml'
12:17:00.240 [main] DEBUG - Save part 'xl/worksheets/sheet8.xml'
12:17:00.265 [main] DEBUG - Save content types part
12:17:00.266 [main] DEBUG - Save package relationships
12:17:00.267 [main] DEBUG - Save part 'docProps/app.xml'
12:17:00.267 [main] DEBUG - Save part 'docProps/core.xml'
12:17:00.268 [main] DEBUG - Save part 'xl/sharedStrings.xml'
12:17:00.269 [main] DEBUG - Save part 'xl/styles.xml'
12:17:00.269 [main] DEBUG - Save part 'xl/theme/theme1.xml'
12:17:00.269 [main] DEBUG - Save part 'xl/workbook.xml'
12:17:00.270 [main] DEBUG - Save part 'xl/worksheets/sheet1.xml'
12:17:00.271 [main] DEBUG - Save part 'xl/worksheets/sheet2.xml'
12:17:00.271 [main] DEBUG - Save part 'xl/worksheets/sheet3.xml'
12:17:00.271 [main] DEBUG - Save part 'xl/worksheets/sheet4.xml'
12:17:00.271 [main] DEBUG - Save part 'xl/worksheets/sheet5.xml'
12:17:00.271 [main] DEBUG - Save part 'xl/worksheets/sheet6.xml'
12:17:00.272 [main] DEBUG - Save part 'xl/worksheets/sheet7.xml'
12:17:00.272 [main] DEBUG - Save part 'xl/worksheets/sheet8.xml'
12:17:00.295 [main] DEBUG - Save content types part
12:17:00.297 [main] DEBUG - Save package relationships
12:17:00.298 [main] DEBUG - Save part 'docProps/app.xml'
12:17:00.298 [main] DEBUG - Save part 'docProps/core.xml'
12:17:00.299 [main] DEBUG - Save part 'xl/sharedStrings.xml'
12:17:00.299 [main] DEBUG - Save part 'xl/styles.xml'
12:17:00.300 [main] DEBUG - Save part 'xl/theme/theme1.xml'
12:17:00.301 [main] DEBUG - Save part 'xl/workbook.xml'
12:17:00.302 [main] DEBUG - Save part 'xl/worksheets/sheet1.xml'
12:17:00.302 [main] DEBUG - Save part 'xl/worksheets/sheet2.xml'
12:17:00.302 [main] DEBUG - Save part 'xl/worksheets/sheet3.xml'
12:17:00.302 [main] DEBUG - Save part 'xl/worksheets/sheet4.xml'
12:17:00.303 [main] DEBUG - Save part 'xl/worksheets/sheet5.xml'
12:17:00.303 [main] DEBUG - Save part 'xl/worksheets/sheet6.xml'
12:17:00.303 [main] DEBUG - Save part 'xl/worksheets/sheet7.xml'
12:17:00.304 [main] DEBUG - Save part 'xl/worksheets/sheet8.xml'
12:17:00.332 [main] DEBUG - Save content types part
12:17:00.334 [main] DEBUG - Save package relationships
12:17:00.335 [main] DEBUG - Save part 'docProps/app.xml'
12:17:00.335 [main] DEBUG - Save part 'docProps/core.xml'
12:17:00.337 [main] DEBUG - Save part 'xl/sharedStrings.xml'
12:17:00.337 [main] DEBUG - Save part 'xl/styles.xml'
12:17:00.337 [main] DEBUG - Save part 'xl/theme/theme1.xml'
12:17:00.338 [main] DEBUG - Save part 'xl/workbook.xml'
12:17:00.339 [main] DEBUG - Save part 'xl/worksheets/sheet1.xml'
12:17:00.340 [main] DEBUG - Save part 'xl/worksheets/sheet2.xml'
12:17:00.340 [main] DEBUG - Save part 'xl/worksheets/sheet3.xml'
12:17:00.340 [main] DEBUG - Save part 'xl/worksheets/sheet4.xml'
12:17:00.340 [main] DEBUG - Save part 'xl/worksheets/sheet5.xml'
12:17:00.340 [main] DEBUG - Save part 'xl/worksheets/sheet6.xml'
12:17:00.340 [main] DEBUG - Save part 'xl/worksheets/sheet7.xml'
12:17:00.340 [main] DEBUG - Save part 'xl/worksheets/sheet8.xml'
12:17:00.400 [main] DEBUG - Save content types part
12:17:00.401 [main] DEBUG - Save package relationships
12:17:00.402 [main] DEBUG - Save part 'docProps/app.xml'
12:17:00.402 [main] DEBUG - Save part 'docProps/core.xml'
12:17:00.403 [main] DEBUG - Save part 'xl/sharedStrings.xml'
12:17:00.404 [main] DEBUG - Save part 'xl/styles.xml'
12:17:00.404 [main] DEBUG - Save part 'xl/theme/theme1.xml'
12:17:00.404 [main] DEBUG - Save part 'xl/workbook.xml'
12:17:00.405 [main] DEBUG - Save part 'xl/worksheets/sheet1.xml'
12:17:00.405 [main] DEBUG - Save part 'xl/worksheets/sheet2.xml'
12:17:00.406 [main] DEBUG - Save part 'xl/worksheets/sheet3.xml'
12:17:00.406 [main] DEBUG - Save part 'xl/worksheets/sheet4.xml'
12:17:00.406 [main] DEBUG - Save part 'xl/worksheets/sheet5.xml'
12:17:00.406 [main] DEBUG - Save part 'xl/worksheets/sheet6.xml'
12:17:00.406 [main] DEBUG - Save part 'xl/worksheets/sheet7.xml'
12:17:00.407 [main] DEBUG - Save part 'xl/worksheets/sheet8.xml'
12:17:00.439 [main] DEBUG - Save content types part
12:17:00.440 [main] DEBUG - Save package relationships
12:17:00.441 [main] DEBUG - Save part 'docProps/app.xml'
12:17:00.442 [main] DEBUG - Save part 'docProps/core.xml'
12:17:00.443 [main] DEBUG - Save part 'xl/sharedStrings.xml'
12:17:00.443 [main] DEBUG - Save part 'xl/styles.xml'
12:17:00.444 [main] DEBUG - Save part 'xl/theme/theme1.xml'
12:17:00.444 [main] DEBUG - Save part 'xl/workbook.xml'
12:17:00.445 [main] DEBUG - Save part 'xl/worksheets/sheet1.xml'
12:17:00.446 [main] DEBUG - Save part 'xl/worksheets/sheet2.xml'
12:17:00.446 [main] DEBUG - Save part 'xl/worksheets/sheet3.xml'
12:17:00.446 [main] DEBUG - Save part 'xl/worksheets/sheet4.xml'
12:17:00.446 [main] DEBUG - Save part 'xl/worksheets/sheet5.xml'
12:17:00.446 [main] DEBUG - Save part 'xl/worksheets/sheet6.xml'
12:17:00.446 [main] DEBUG - Save part 'xl/worksheets/sheet7.xml'
12:17:00.447 [main] DEBUG - Save part 'xl/worksheets/sheet8.xml'
12:17:00.476 [main] DEBUG - Save content types part
12:17:00.478 [main] DEBUG - Save package relationships
12:17:00.480 [main] DEBUG - Save part 'docProps/app.xml'
12:17:00.480 [main] DEBUG - Save part 'docProps/core.xml'
12:17:00.482 [main] DEBUG - Save part 'xl/sharedStrings.xml'
12:17:00.482 [main] DEBUG - Save part 'xl/styles.xml'
12:17:00.482 [main] DEBUG - Save part 'xl/theme/theme1.xml'
12:17:00.483 [main] DEBUG - Save part 'xl/workbook.xml'
12:17:00.484 [main] DEBUG - Save part 'xl/worksheets/sheet1.xml'
12:17:00.484 [main] DEBUG - Save part 'xl/worksheets/sheet2.xml'
12:17:00.485 [main] DEBUG - Save part 'xl/worksheets/sheet3.xml'
12:17:00.485 [main] DEBUG - Save part 'xl/worksheets/sheet4.xml'
12:17:00.485 [main] DEBUG - Save part 'xl/worksheets/sheet5.xml'
12:17:00.485 [main] DEBUG - Save part 'xl/worksheets/sheet6.xml'
12:17:00.485 [main] DEBUG - Save part 'xl/worksheets/sheet7.xml'
12:17:00.485 [main] DEBUG - Save part 'xl/worksheets/sheet8.xml'
12:17:00.517 [main] DEBUG - Save content types part
12:17:00.518 [main] DEBUG - Save package relationships
12:17:00.520 [main] DEBUG - Save part 'docProps/app.xml'
12:17:00.520 [main] DEBUG - Save part 'docProps/core.xml'
12:17:00.521 [main] DEBUG - Save part 'xl/sharedStrings.xml'
12:17:00.521 [main] DEBUG - Save part 'xl/styles.xml'
12:17:00.522 [main] DEBUG - Save part 'xl/theme/theme1.xml'
12:17:00.522 [main] DEBUG - Save part 'xl/workbook.xml'
12:17:00.523 [main] DEBUG - Save part 'xl/worksheets/sheet1.xml'
12:17:00.523 [main] DEBUG - Save part 'xl/worksheets/sheet2.xml'
12:17:00.523 [main] DEBUG - Save part 'xl/worksheets/sheet3.xml'
12:17:00.523 [main] DEBUG - Save part 'xl/worksheets/sheet4.xml'
12:17:00.524 [main] DEBUG - Save part 'xl/worksheets/sheet5.xml'
12:17:00.524 [main] DEBUG - Save part 'xl/worksheets/sheet6.xml'
12:17:00.524 [main] DEBUG - Save part 'xl/worksheets/sheet7.xml'
12:17:00.524 [main] DEBUG - Save part 'xl/worksheets/sheet8.xml'
